<?xml version="1.0" encoding="UTF-8"?>
<!-- Generated by org.testng.reporters.JUnitReportReporter -->
<testsuite skipped="0" hostname="DESKTOP-LCI2JQ2" name="testcases.TC1" tests="2" failures="0" timestamp="25 Apr 2017 17:41:51 GMT" time="59.661" errors="0">
  <testcase name="loginpage1" time="43.890" classname="testcases.TC1"/>
  <testcase name="loginpage2" time="15.771" classname="testcases.TC1"/>
</testsuite> <!-- testcases.TC1 -->
